{
  "RSpec": {
    "coverage": {
      "/Users/kevinc/Desktop/Files/Coding/FF2/config/environment.rb": [
        null,
        1,
        null,
        null,
        1
      ],
      "/Users/kevinc/Desktop/Files/Coding/FF2/config/application.rb": [
        1,
        null,
        null,
        1,
        1,
        1,
        1,
        1,
        1,
        null,
        null,
        null,
        null,
        1,
        null,
        1,
        1,
        null,
        null,
        null,
        null,
        null,
        null,
        null,
        null,
        null,
        null,
        null,
        null,
        null
      ],
      "/Users/kevinc/Desktop/Files/Coding/FF2/config/boot.rb": [
        null,
        1,
        null,
        1
      ],
      "/Users/kevinc/Desktop/Files/Coding/FF2/config/environments/test.rb": [
        1,
        null,
        null,
        null,
        null,
        null,
        null,
        1,
        null,
        null,
        null,
        null,
        1,
        null,
        null,
        1,
        1,
        null,
        null,
        1,
        1,
        null,
        null,
        1,
        null,
        null,
        1,
        null,
        null,
        null,
        null,
        1,
        null,
        null,
        1,
        null,
        null,
        null,
        null
      ],
      "/Users/kevinc/Desktop/Files/Coding/FF2/config/initializers/backtrace_silencers.rb": [
        null,
        null,
        null,
        null,
        null,
        null,
        null
      ],
      "/Users/kevinc/Desktop/Files/Coding/FF2/config/initializers/cookies_serializer.rb": [
        null,
        null,
        1
      ],
      "/Users/kevinc/Desktop/Files/Coding/FF2/config/initializers/devise.rb": [
        null,
        null,
        1,
        null,
        null,
        null,
        null,
        null,
        null,
        null,
        null,
        null,
        1,
        null,
        null,
        null,
        null,
        null,
        null,
        null,
        null,
        1,
        null,
        null,
        null,
        null,
        null,
        null,
        null,
        null,
        null,
        null,
        null,
        null,
        null,
        null,
        null,
        null,
        null,
        null,
        null,
        null,
        null,
        1,
        null,
        null,
        null,
        null,
        1,
        null,
        null,
        null,
        null,
        null,
        null,
        null,
        null,
        null,
        null,
        null,
        null,
        null,
        null,
        null,
        null,
        null,
        null,
        null,
        null,
        null,
        null,
        null,
        null,
        null,
        null,
        null,
        null,
        null,
        null,
        1,
        null,
        null,
        null,
        null,
        null,
        null,
        null,
        null,
        null,
        null,
        null,
        null,
        null,
        null,
        null,
        null,
        1,
        null,
        null,
        null,
        null,
        null,
        null,
        null,
        null,
        null,
        null,
        null,
        null,
        null,
        null,
        null,
        null,
        null,
        null,
        null,
        null,
        null,
        null,
        null,
        null,
        1,
        null,
        null,
        null,
        null,
        null,
        null,
        null,
        null,
        null,
        null,
        null,
        null,
        null,
        null,
        null,
        null,
        null,
        1,
        null,
        null,
        null,
        null,
        null,
        null,
        null,
        null,
        null,
        null,
        null,
        null,
        null,
        null,
        null,
        null,
        null,
        null,
        null,
        null,
        null,
        null,
        null,
        null,
        null,
        null,
        null,
        null,
        null,
        null,
        null,
        null,
        null,
        null,
        null,
        null,
        null,
        null,
        null,
        null,
        null,
        null,
        null,
        null,
        null,
        null,
        null,
        null,
        1,
        null,
        null,
        null,
        null,
        null,
        null,
        null,
        null,
        null,
        null,
        null,
        null,
        null,
        null,
        null,
        null,
        null,
        null,
        null,
        null,
        null,
        null,
        null,
        null,
        null,
        null,
        null,
        null,
        null,
        null,
        null,
        null,
        null,
        null,
        null,
        null,
        null,
        1,
        null,
        null,
        null,
        null,
        null,
        null,
        null,
        null,
        null,
        null,
        null,
        null,
        null,
        null,
        null,
        null,
        null,
        null,
        null,
        null,
        null,
        null,
        null,
        null,
        null,
        null,
        null,
        null,
        null
      ],
      "/Users/kevinc/Desktop/Files/Coding/FF2/config/initializers/filter_parameter_logging.rb": [
        null,
        null,
        null,
        1
      ],
      "/Users/kevinc/Desktop/Files/Coding/FF2/config/initializers/inflections.rb": [
        null,
        null,
        null,
        null,
        null,
        null,
        null,
        null,
        null,
        null,
        null,
        null,
        null,
        null,
        null,
        null
      ],
      "/Users/kevinc/Desktop/Files/Coding/FF2/config/initializers/mime_types.rb": [
        null,
        null,
        null,
        null,
        null
      ],
      "/Users/kevinc/Desktop/Files/Coding/FF2/config/initializers/session_store.rb": [
        null,
        null,
        1
      ],
      "/Users/kevinc/Desktop/Files/Coding/FF2/config/initializers/wrap_parameters.rb": [
        null,
        null,
        null,
        null,
        null,
        null,
        1,
        1,
        null,
        null,
        null,
        null,
        null,
        null
      ],
      "/Users/kevinc/Desktop/Files/Coding/FF2/spec/factories/cards.rb": [
        null,
        null,
        1,
        1,
        1,
        1,
        null,
        null
      ],
      "/Users/kevinc/Desktop/Files/Coding/FF2/spec/factories/recalls.rb": [
        null,
        null,
        1,
        1,
        null,
        null
      ],
      "/Users/kevinc/Desktop/Files/Coding/FF2/spec/factories/stacks.rb": [
        null,
        null,
        1,
        1,
        1,
        1,
        null,
        null
      ],
      "/Users/kevinc/Desktop/Files/Coding/FF2/spec/factories/user_stacks.rb": [
        null,
        null,
        1,
        1,
        null,
        null
      ],
      "/Users/kevinc/Desktop/Files/Coding/FF2/spec/factories/users.rb": [
        null,
        null,
        1,
        null,
        1,
        1,
        42,
        null,
        1,
        43,
        null,
        null
      ],
      "/Users/kevinc/Desktop/Files/Coding/FF2/config/routes.rb": [
        1,
        null,
        1,
        1,
        1,
        null,
        null,
        null,
        1,
        null,
        null,
        1,
        1,
        null,
        1,
        null,
        1,
        null,
        null,
        null,
        null,
        null,
        null,
        null,
        null,
        null,
        null,
        null,
        null,
        null,
        null,
        null,
        null,
        null,
        null,
        null,
        null,
        null,
        null,
        null,
        null,
        null,
        null,
        null,
        null,
        null,
        null,
        null,
        null,
        null,
        null,
        null,
        null,
        null,
        null,
        null,
        null,
        null,
        null,
        null,
        null,
        null,
        null,
        null,
        null,
        null,
        null,
        null,
        null,
        null,
        null,
        null,
        null,
        null,
        null
      ],
      "/Users/kevinc/Desktop/Files/Coding/FF2/app/models/user.rb": [
        1,
        null,
        null,
        1,
        null,
        1,
        1,
        null,
        1,
        1,
        null,
        1,
        null,
        1,
        6,
        6,
        6,
        9,
        null,
        null,
        null,
        null,
        1,
        9,
        9,
        null,
        null,
        null
      ],
      "/Users/kevinc/Desktop/Files/Coding/FF2/app/helpers/application_helper.rb": [
        1,
        null
      ],
      "/Users/kevinc/Desktop/Files/Coding/FF2/app/helpers/card_helper.rb": [
        1,
        null
      ],
      "/Users/kevinc/Desktop/Files/Coding/FF2/app/helpers/stack_helper.rb": [
        1,
        null
      ],
      "/Users/kevinc/Desktop/Files/Coding/FF2/app/helpers/user_stacks_helper.rb": [
        1,
        null
      ],
      "/Users/kevinc/Desktop/Files/Coding/FF2/app/helpers/users_helper.rb": [
        1,
        null
      ],
      "/Users/kevinc/Desktop/Files/Coding/FF2/app/controllers/cards_controller.rb": [
        1,
        null,
        1,
        1,
        null,
        null,
        1,
        1,
        1,
        null,
        null,
        1,
        1,
        1,
        1,
        null,
        null,
        1,
        3,
        3,
        3,
        3,
        3,
        null,
        null,
        1,
        1,
        2,
        null,
        null
      ],
      "/Users/kevinc/Desktop/Files/Coding/FF2/app/controllers/application_controller.rb": [
        1,
        null,
        null,
        1,
        null,
        null
      ],
      "/Users/kevinc/Desktop/Files/Coding/FF2/spec/controllers/stacks_controller_spec.rb": [
        1,
        null,
        1,
        1,
        6,
        6,
        null,
        null,
        1,
        1,
        1,
        null,
        null,
        1,
        1,
        1,
        1,
        null,
        null,
        1,
        1,
        1,
        1,
        null,
        null,
        1,
        1,
        null,
        1,
        1,
        1,
        1,
        null,
        null,
        1,
        1,
        null,
        1,
        null,
        null,
        1,
        1,
        1,
        1,
        1,
        null,
        null,
        null
      ],
      "/Users/kevinc/Desktop/Files/Coding/FF2/app/controllers/stacks_controller.rb": [
        1,
        null,
        1,
        1,
        null,
        null,
        1,
        1,
        null,
        null,
        1,
        1,
        null,
        null,
        1,
        2,
        2,
        2,
        2,
        2,
        1,
        null,
        2,
        1,
        null,
        null,
        null,
        null,
        1,
        1,
        null,
        null,
        1,
        null,
        1,
        2,
        null,
        null
      ],
      "/Users/kevinc/Desktop/Files/Coding/FF2/spec/controllers/user_stacks_controller_spec.rb": [
        1,
        null,
        1,
        1,
        1,
        2,
        2,
        2,
        2,
        2,
        null,
        null,
        1,
        1,
        1,
        1,
        1,
        null,
        null,
        1,
        1,
        1,
        1,
        1,
        1,
        1,
        null,
        null,
        null,
        1,
        1,
        1,
        null,
        1,
        1,
        1,
        1,
        null,
        null,
        null
      ],
      "/Users/kevinc/Desktop/Files/Coding/FF2/app/controllers/user_stacks_controller.rb": [
        1,
        null,
        1,
        null,
        3,
        1,
        null,
        2,
        2,
        1,
        null,
        1,
        null,
        null,
        1,
        1,
        null,
        null,
        null,
        null,
        null
      ],
      "/Users/kevinc/Desktop/Files/Coding/FF2/spec/controllers/users_controller_spec.rb": [
        1,
        null,
        1,
        1,
        2,
        2,
        null,
        1,
        1,
        1,
        null,
        1,
        1,
        1,
        1,
        null,
        null,
        null
      ],
      "/Users/kevinc/Desktop/Files/Coding/FF2/app/controllers/users_controller.rb": [
        1,
        1,
        2,
        2,
        1,
        null,
        null,
        null
      ],
      "/Users/kevinc/Desktop/Files/Coding/FF2/spec/helpers/card_helper_spec.rb": [
        1,
        null,
        null,
        null,
        null,
        null,
        null,
        null,
        null,
        null,
        null,
        null,
        1,
        1,
        null
      ],
      "/Users/kevinc/Desktop/Files/Coding/FF2/spec/helpers/stack_helper_spec.rb": [
        1,
        null,
        null,
        null,
        null,
        null,
        null,
        null,
        null,
        null,
        null,
        null,
        1,
        1,
        null
      ],
      "/Users/kevinc/Desktop/Files/Coding/FF2/spec/helpers/user_stacks_helper_spec.rb": [
        1,
        null,
        null,
        null,
        null,
        null,
        null,
        null,
        null,
        null,
        null,
        null,
        1,
        1,
        null
      ],
      "/Users/kevinc/Desktop/Files/Coding/FF2/spec/helpers/users_helper_spec.rb": [
        1,
        null,
        null,
        null,
        null,
        null,
        null,
        null,
        null,
        null,
        null,
        null,
        1,
        1,
        null
      ],
      "/Users/kevinc/Desktop/Files/Coding/FF2/spec/models/card_spec.rb": [
        1,
        null,
        1,
        1,
        1,
        3,
        3,
        3,
        null,
        1,
        1,
        null,
        1,
        1,
        null,
        null,
        1,
        null,
        null,
        null
      ],
      "/Users/kevinc/Desktop/Files/Coding/FF2/app/models/card.rb": [
        1,
        1,
        1,
        null,
        1,
        null
      ],
      "/Users/kevinc/Desktop/Files/Coding/FF2/spec/models/recall_spec.rb": [
        1,
        1,
        null,
        1,
        null,
        1,
        1,
        12,
        12,
        null,
        null,
        12,
        12,
        12,
        12,
        12,
        12,
        null,
        null,
        1,
        1,
        null,
        null,
        1,
        1,
        null,
        null,
        1,
        1,
        1,
        1,
        1,
        1,
        1,
        null,
        null,
        1,
        1,
        1,
        1,
        1,
        1,
        1,
        null,
        null,
        1,
        1,
        1,
        1,
        1,
        null,
        1,
        1,
        1,
        null,
        null,
        1,
        1,
        null,
        1,
        1,
        1,
        1,
        1,
        null,
        null,
        1,
        1,
        1,
        1,
        1,
        null,
        null,
        1,
        1,
        1,
        null,
        1,
        1,
        1,
        1,
        1,
        null,
        null,
        1,
        1,
        1,
        null,
        1,
        1,
        null,
        null,
        1,
        1,
        1,
        1,
        null,
        1,
        1,
        null,
        1,
        1,
        null,
        null,
        1,
        1,
        1,
        null,
        1,
        1,
        null,
        1,
        1,
        null,
        null,
        null
      ],
      "/Users/kevinc/Desktop/Files/Coding/FF2/app/models/concerns/SM2.rb": [
        null,
        1,
        null,
        1,
        null,
        null,
        null,
        null,
        null,
        1,
        22,
        22,
        22,
        22,
        22,
        22,
        22,
        null,
        null,
        null,
        1,
        null,
        12,
        1,
        1,
        null,
        11,
        null,
        11,
        3,
        null,
        8,
        null,
        8,
        null,
        5,
        null,
        2,
        null,
        1,
        null,
        null,
        null,
        12,
        12,
        12,
        12,
        null,
        null,
        1,
        5,
        null,
        null,
        null,
        null,
        null,
        null,
        null,
        null,
        null,
        null,
        null,
        null,
        null,
        null,
        null,
        null,
        null,
        1,
        null,
        1,
        null,
        11,
        11,
        null,
        11,
        11,
        null,
        null,
        null
      ],
      "/Users/kevinc/Desktop/Files/Coding/FF2/app/models/recall.rb": [
        1,
        1,
        1,
        null,
        1,
        1,
        null,
        null,
        null
      ],
      "/Users/kevinc/Desktop/Files/Coding/FF2/spec/models/stack_spec.rb": [
        1,
        null,
        1,
        1,
        1,
        3,
        3,
        3,
        3,
        null,
        null,
        1,
        1,
        null,
        null,
        1,
        1,
        null,
        null,
        1,
        1,
        1,
        null,
        null,
        null,
        1,
        1,
        1,
        1,
        1,
        1,
        1,
        1,
        null,
        null,
        1,
        1,
        1,
        1,
        1,
        1,
        1,
        1,
        null,
        null,
        null
      ],
      "/Users/kevinc/Desktop/Files/Coding/FF2/app/models/stack.rb": [
        1,
        1,
        1,
        null,
        1,
        1,
        null,
        1,
        null,
        1,
        1,
        2,
        2,
        null,
        2,
        null,
        null,
        null
      ],
      "/Users/kevinc/Desktop/Files/Coding/FF2/spec/models/user_spec.rb": [
        1,
        null,
        1,
        1,
        1,
        5,
        5,
        null,
        5,
        null,
        null,
        null,
        1,
        1,
        1,
        null,
        null,
        1,
        1,
        1,
        null,
        null,
        1,
        1,
        null,
        null,
        1,
        1,
        1,
        null,
        1,
        1,
        null,
        1,
        1,
        1,
        null,
        null,
        1,
        1,
        1,
        1,
        1,
        null,
        1,
        1,
        null,
        1,
        1,
        null,
        null,
        null,
        null
      ],
      "/Users/kevinc/Desktop/Files/Coding/FF2/spec/models/user_stack_spec.rb": [
        1,
        null,
        1,
        1,
        null
      ],
      "/Users/kevinc/Desktop/Files/Coding/FF2/app/models/user_stack.rb": [
        1,
        1,
        1,
        null
      ]
    },
    "timestamp": 1398107610
  }
}
